<?xml version="1.0" encoding="UTF-8"?>
<robot generator="Robot 7.3.2 (Python 3.12.7 on win32)" generated="2025-11-11T01:24:11.325793" rpa="false" schemaversion="5">
<suite id="s1" name="Tests" source="C:\Users\ABEL\Desktop\SUPPORT DE COURS GLO4\Projet  Test_et_Validation\Projet_robot_Framework\Projet-Test-Site-\tests">
<suite id="s1-s1" name="Main" source="C:\Users\ABEL\Desktop\SUPPORT DE COURS GLO4\Projet  Test_et_Validation\Projet_robot_Framework\Projet-Test-Site-\tests\main.robot">
<kw name="ouverture_du_navigateur" owner="commandes" type="SETUP">
<kw name="Open Browser" owner="SeleniumLibrary">
<msg time="2025-11-11T01:24:12.043897" level="INFO">Opening browser 'edge' to base url 'about:blank'.</msg>
<arg>about:blank</arg>
<arg>${Browser_Name}</arg>
<doc>Opens a new browser instance to the optional ``url``.</doc>
<status status="PASS" start="2025-11-11T01:24:12.042878" elapsed="2.637531"/>
</kw>
<kw name="Maximize Browser Window" owner="SeleniumLibrary">
<doc>Maximizes current browser window.</doc>
<status status="PASS" start="2025-11-11T01:24:14.681402" elapsed="0.167151"/>
</kw>
<status status="PASS" start="2025-11-11T01:24:12.040725" elapsed="2.808818"/>
</kw>
<test id="s1-s1-t1" name="Main Test" line="14">
<kw name="Charger_directement_la_page_Amazon" owner="PageAcceuil">
<kw name="Go To" owner="SeleniumLibrary">
<msg time="2025-11-11T01:24:14.881563" level="INFO">Opening url 'https://www.google.com/'</msg>
<arg>${URL_Navigate}</arg>
<doc>Navigates the current browser window to the provided ``url``.</doc>
<status status="PASS" start="2025-11-11T01:24:14.866574" elapsed="1.111116"/>
</kw>
<kw name="Wait Until Page Contains Element" owner="SeleniumLibrary">
<arg>xpath:/html/body/div[2]/div[4]/form/div[1]/div[1]/div[3]/center/input[1]</arg>
<arg>timeout=30s</arg>
<doc>Waits until the element ``locator`` appears on the current page.</doc>
<status status="PASS" start="2025-11-11T01:24:15.977690" elapsed="15.907606"/>
</kw>
<kw name="Input Text" owner="SeleniumLibrary">
<msg time="2025-11-11T01:24:31.885296" level="INFO">Typing text 'Amazon' into text field 'id=APjFqb'.</msg>
<arg>id=APjFqb</arg>
<arg>Amazon</arg>
<doc>Types the given ``text`` into the text field identified by ``locator``.</doc>
<status status="PASS" start="2025-11-11T01:24:31.885296" elapsed="0.154584"/>
</kw>
<kw name="Mouse Down" owner="SeleniumLibrary">
<msg time="2025-11-11T01:24:32.040881" level="INFO">Simulating Mouse Down on element 'class=lnXdpd'.</msg>
<arg>class=lnXdpd</arg>
<doc>Simulates pressing the left mouse button on the element ``locator``.</doc>
<status status="PASS" start="2025-11-11T01:24:32.040881" elapsed="0.386940"/>
</kw>
<kw name="Mouse Up" owner="SeleniumLibrary">
<msg time="2025-11-11T01:24:32.427821" level="INFO">Simulating Mouse Up on element 'class=lnXdpd'.</msg>
<arg>class=lnXdpd</arg>
<doc>Simulates releasing the left mouse button on the element ``locator``.</doc>
<status status="PASS" start="2025-11-11T01:24:32.427821" elapsed="0.432873"/>
</kw>
<kw name="Click Button" owner="SeleniumLibrary">
<msg time="2025-11-11T01:24:32.860694" level="INFO">Clicking button 'xpath:/html/body/div[2]/div[4]/form/div[1]/div[1]/div[3]/center/input[1]'.</msg>
<arg>xpath:/html/body/div[2]/div[4]/form/div[1]/div[1]/div[3]/center/input[1]</arg>
<doc>Clicks the button identified by ``locator``.</doc>
<status status="PASS" start="2025-11-11T01:24:32.860694" elapsed="0.669401"/>
</kw>
<kw name="Wait Until Page Contains" owner="SeleniumLibrary">
<arg>Images</arg>
<arg>timeout=110s</arg>
<doc>Waits until ``text`` appears on the current page.</doc>
<status status="PASS" start="2025-11-11T01:24:33.530095" elapsed="45.744328"/>
</kw>
<kw name="Click Element" owner="SeleniumLibrary">
<msg time="2025-11-11T01:25:19.274423" level="INFO">Clicking element 'xpath://*[@id="rso"]/div[1]/div/div/div/div/div/div/div/div[1]/div/span/a/div/div/div/div[2]/cite'.</msg>
<arg>xpath://*[@id="rso"]/div[1]/div/div/div/div/div/div/div/div[1]/div/span/a/div/div/div/div[2]/cite</arg>
<doc>Click the element identified by ``locator``.</doc>
<status status="PASS" start="2025-11-11T01:25:19.274423" elapsed="32.289225"/>
</kw>
<kw name="Wait Until Page Contains" owner="SeleniumLibrary">
<arg>Ventes</arg>
<doc>Waits until ``text`` appears on the current page.</doc>
<status status="PASS" start="2025-11-11T01:25:51.563648" elapsed="0.144472"/>
</kw>
<kw name="Log" owner="BuiltIn">
<msg time="2025-11-11T01:25:51.709119" level="INFO">La page Amazon a été chargée avec succès.</msg>
<arg>La page Amazon a été chargée avec succès.</arg>
<doc>Logs the given message with the given level.</doc>
<status status="PASS" start="2025-11-11T01:25:51.709119" elapsed="0.000000"/>
</kw>
<kw name="Capture Page Screenshot" owner="SeleniumLibrary">
<msg time="2025-11-11T01:25:52.316416" level="INFO" html="true">&lt;/td&gt;&lt;/tr&gt;&lt;tr&gt;&lt;td colspan="3"&gt;&lt;a href="page_acceuil_amazon.png"&gt;&lt;img src="page_acceuil_amazon.png" width="800px"&gt;&lt;/a&gt;</msg>
<arg>page_acceuil_amazon.png</arg>
<doc>Takes a screenshot of the current page and embeds it into a log file.</doc>
<status status="PASS" start="2025-11-11T01:25:51.709119" elapsed="0.607297"/>
</kw>
<status status="PASS" start="2025-11-11T01:24:14.865571" elapsed="97.450845"/>
</kw>
<status status="PASS" start="2025-11-11T01:24:14.849543" elapsed="97.466873"/>
</test>
<kw name="Fermeture_du_navigateur" owner="commandes" type="TEARDOWN">
<kw name="Close Browser" owner="SeleniumLibrary">
<doc>Closes the current browser.</doc>
<status status="PASS" start="2025-11-11T01:25:52.318419" elapsed="5.814899"/>
</kw>
<status status="PASS" start="2025-11-11T01:25:52.318419" elapsed="5.814899"/>
</kw>
<doc>Simple example using SeleniumLibrary.</doc>
<status status="PASS" start="2025-11-11T01:24:11.384139" elapsed="106.749179"/>
</suite>
<status status="PASS" start="2025-11-11T01:24:11.329051" elapsed="106.812264"/>
</suite>
<statistics>
<total>
<stat pass="1" fail="0" skip="0">All Tests</stat>
</total>
<tag>
</tag>
<suite>
<stat name="Tests" id="s1" pass="1" fail="0" skip="0">Tests</stat>
<stat name="Main" id="s1-s1" pass="1" fail="0" skip="0">Tests.Main</stat>
</suite>
</statistics>
<errors>
</errors>
</robot>
