<?xml version="1.0" encoding="UTF-8"?>
<robot generator="Robot 7.3.2 (Python 3.13.2 on win32)" generated="2025-11-13T02:01:57.786627" rpa="false" schemaversion="5">
<suite id="s1" name="Projet-Test-Site-" source="C:\Users\ABEL\Desktop\SUPPORT DE COURS GLO4\Cours de TEST ET VALIDATION\Projet  Test_et_Validation\Projet_robot_Framework\Projet-Test-Site-">
<suite id="s1-s1" name="Tests" source="C:\Users\ABEL\Desktop\SUPPORT DE COURS GLO4\Cours de TEST ET VALIDATION\Projet  Test_et_Validation\Projet_robot_Framework\Projet-Test-Site-\Tests">
<suite id="s1-s1-s1" name="Main" source="C:\Users\ABEL\Desktop\SUPPORT DE COURS GLO4\Cours de TEST ET VALIDATION\Projet  Test_et_Validation\Projet_robot_Framework\Projet-Test-Site-\Tests\main.robot">
<kw name="ouverture_du_navigateur" owner="commandes" type="SETUP">
<kw name="Open Browser" owner="SeleniumLibrary">
<msg time="2025-11-13T02:01:59.597861" level="INFO">Opening browser 'edge' to base url 'about:blank'.</msg>
<msg time="2025-11-13T02:02:08.167057" level="WARN">Exception managing MicrosoftEdge: error sending request for url (https://msedgedriver.microsoft.com/LATEST_RELEASE_142_WINDOWS)</msg>
<msg time="2025-11-13T02:02:08.183241" level="WARN">Error sending stats to Plausible: error sending request for url (https://plausible.io/api/event)</msg>
<arg>about:blank</arg>
<arg>${Browser_Name}</arg>
<doc>Opens a new browser instance to the optional ``url``.</doc>
<status status="PASS" start="2025-11-13T02:01:59.597049" elapsed="16.154021"/>
</kw>
<kw name="Maximize Browser Window" owner="SeleniumLibrary">
<doc>Maximizes current browser window.</doc>
<status status="PASS" start="2025-11-13T02:02:15.751525" elapsed="0.316196"/>
</kw>
<status status="PASS" start="2025-11-13T02:01:59.595317" elapsed="16.472772"/>
</kw>
<test id="s1-s1-s1-t1" name="Main Test" line="15">
<kw name="Charger_directement_la_page_Amazon" owner="PageAcceuil">
<kw name="Go To" owner="SeleniumLibrary">
<msg time="2025-11-13T02:02:16.086163" level="INFO">Opening url 'https://www.google.com/'</msg>
<arg>${URL_Navigate}</arg>
<doc>Navigates the current browser window to the provided ``url``.</doc>
<status status="PASS" start="2025-11-13T02:02:16.085543" elapsed="89.039132"/>
</kw>
<kw name="Wait Until Page Contains Element" owner="SeleniumLibrary">
<arg>xpath:/html/body/div[2]/div[4]/form/div[1]/div[1]/div[3]/center/input[1]</arg>
<arg>timeout=30s</arg>
<doc>Waits until the element ``locator`` appears on the current page.</doc>
<status status="PASS" start="2025-11-13T02:03:45.125127" elapsed="0.026049"/>
</kw>
<kw name="Input Text" owner="SeleniumLibrary">
<msg time="2025-11-13T02:03:45.152380" level="INFO">Typing text 'Amazon' into text field 'id=APjFqb'.</msg>
<arg>id=APjFqb</arg>
<arg>Amazon</arg>
<doc>Types the given ``text`` into the text field identified by ``locator``.</doc>
<status status="PASS" start="2025-11-13T02:03:45.151710" elapsed="0.232635"/>
</kw>
<kw name="Mouse Down" owner="SeleniumLibrary">
<msg time="2025-11-13T02:03:45.385549" level="INFO">Simulating Mouse Down on element 'class=lnXdpd'.</msg>
<arg>class=lnXdpd</arg>
<doc>Simulates pressing the left mouse button on the element ``locator``.</doc>
<status status="PASS" start="2025-11-13T02:03:45.384772" elapsed="0.378956"/>
</kw>
<kw name="Mouse Up" owner="SeleniumLibrary">
<msg time="2025-11-13T02:03:45.764465" level="INFO">Simulating Mouse Up on element 'class=lnXdpd'.</msg>
<arg>class=lnXdpd</arg>
<doc>Simulates releasing the left mouse button on the element ``locator``.</doc>
<status status="PASS" start="2025-11-13T02:03:45.764017" elapsed="0.292340"/>
</kw>
<kw name="Click Button" owner="SeleniumLibrary">
<msg time="2025-11-13T02:03:46.057328" level="INFO">Clicking button 'xpath:/html/body/div[2]/div[4]/form/div[1]/div[1]/div[3]/center/input[1]'.</msg>
<arg>xpath:/html/body/div[2]/div[4]/form/div[1]/div[1]/div[3]/center/input[1]</arg>
<doc>Clicks the button identified by ``locator``.</doc>
<status status="PASS" start="2025-11-13T02:03:46.056743" elapsed="62.002572"/>
</kw>
<kw name="Wait Until Page Contains" owner="SeleniumLibrary">
<arg>Images</arg>
<arg>timeout=110s</arg>
<doc>Waits until ``text`` appears on the current page.</doc>
<status status="PASS" start="2025-11-13T02:04:48.061752" elapsed="185.058419"/>
</kw>
<kw name="Click Element" owner="SeleniumLibrary">
<msg time="2025-11-13T02:07:53.121508" level="INFO">Clicking element 'xpath://*[@id="rso"]/div[1]/div/div/div/div/div/div/div/div[1]/div/span/a/div/div/div/div[2]/cite'.</msg>
<msg time="2025-11-13T02:11:17.448131" level="INFO" html="true">&lt;/td&gt;&lt;/tr&gt;&lt;tr&gt;&lt;td colspan="3"&gt;&lt;a href="selenium-screenshot-4.png"&gt;&lt;img src="selenium-screenshot-4.png" width="800px"&gt;&lt;/a&gt;</msg>
<msg time="2025-11-13T02:11:17.448988" level="FAIL">ReadTimeoutError: HTTPConnectionPool(host='localhost', port=10888): Read timed out. (read timeout=120)</msg>
<arg>xpath://*[@id="rso"]/div[1]/div/div/div/div/div/div/div/div[1]/div/span/a/div/div/div/div[2]/cite</arg>
<doc>Click the element identified by ``locator``.</doc>
<status status="FAIL" start="2025-11-13T02:07:53.120658" elapsed="204.617307">ReadTimeoutError: HTTPConnectionPool(host='localhost', port=10888): Read timed out. (read timeout=120)</status>
</kw>
<kw name="Wait Until Page Contains" owner="SeleniumLibrary">
<arg>Ventes</arg>
<doc>Waits until ``text`` appears on the current page.</doc>
<status status="NOT RUN" start="2025-11-13T02:11:17.738359" elapsed="0.000256"/>
</kw>
<kw name="Log" owner="BuiltIn">
<arg>La page Amazon a été chargée avec succès.</arg>
<doc>Logs the given message with the given level.</doc>
<status status="NOT RUN" start="2025-11-13T02:11:17.738776" elapsed="0.000195"/>
</kw>
<kw name="Capture Page Screenshot" owner="SeleniumLibrary">
<arg>page_acceuil_amazon.png</arg>
<doc>Takes a screenshot of the current page and embeds it into a log file.</doc>
<status status="NOT RUN" start="2025-11-13T02:11:17.739134" elapsed="0.000176"/>
</kw>
<status status="FAIL" start="2025-11-13T02:02:16.084676" elapsed="541.654894">ReadTimeoutError: HTTPConnectionPool(host='localhost', port=10888): Read timed out. (read timeout=120)</status>
</kw>
<kw name="Rechercher_un_produit" owner="PageProduit">
<status status="NOT RUN" start="2025-11-13T02:11:17.740025" elapsed="0.000306"/>
</kw>
<kw name="Ajouter_un_produit_au_panier" owner="PageProduit">
<status status="NOT RUN" start="2025-11-13T02:11:17.740652" elapsed="0.000220"/>
</kw>
<status status="FAIL" start="2025-11-13T02:02:16.068357" elapsed="541.672810">ReadTimeoutError: HTTPConnectionPool(host='localhost', port=10888): Read timed out. (read timeout=120)</status>
</test>
<kw name="Fermeture_du_navigateur" owner="commandes" type="TEARDOWN">
<kw name="Close Browser" owner="SeleniumLibrary">
<doc>Closes the current browser.</doc>
<status status="PASS" start="2025-11-13T02:11:17.766550" elapsed="2.938993"/>
</kw>
<status status="PASS" start="2025-11-13T02:11:17.765995" elapsed="2.939904"/>
</kw>
<doc>Simple example using SeleniumLibrary.</doc>
<status status="FAIL" start="2025-11-13T02:01:57.925794" elapsed="562.780299"/>
</suite>
<status status="FAIL" start="2025-11-13T02:01:57.903591" elapsed="562.807511"/>
</suite>
<status status="FAIL" start="2025-11-13T02:01:57.798147" elapsed="562.917019"/>
</suite>
<statistics>
<total>
<stat pass="0" fail="1" skip="0">All Tests</stat>
</total>
<tag>
</tag>
<suite>
<stat name="Projet-Test-Site-" id="s1" pass="0" fail="1" skip="0">Projet-Test-Site-</stat>
<stat name="Tests" id="s1-s1" pass="0" fail="1" skip="0">Projet-Test-Site-.Tests</stat>
<stat name="Main" id="s1-s1-s1" pass="0" fail="1" skip="0">Projet-Test-Site-.Tests.Main</stat>
</suite>
</statistics>
<errors>
<msg time="2025-11-13T02:02:08.167057" level="WARN">Exception managing MicrosoftEdge: error sending request for url (https://msedgedriver.microsoft.com/LATEST_RELEASE_142_WINDOWS)</msg>
<msg time="2025-11-13T02:02:08.183241" level="WARN">Error sending stats to Plausible: error sending request for url (https://plausible.io/api/event)</msg>
</errors>
</robot>
