<?xml version="1.0" encoding="UTF-8"?>
<robot generator="Robot 7.3.2 (Python 3.13.2 on win32)" generated="2025-11-09T10:54:56.534375" rpa="false" schemaversion="5">
<suite id="s1" name="Tests" source="C:\Users\ABEL\Desktop\SUPPORT DE COURS GLO4\Projet  Test_et_Validation\Projet_robot_Framework\tests">
<suite id="s1-s1" name="Main" source="C:\Users\ABEL\Desktop\SUPPORT DE COURS GLO4\Projet  Test_et_Validation\Projet_robot_Framework\tests\main.robot">
<kw name="ouverture_du_navigateur" owner="commandes" type="SETUP">
<kw name="Open Browser" owner="SeleniumLibrary">
<msg time="2025-11-09T10:54:57.067600" level="INFO">Opening browser 'edge' to base url 'about:blank'.</msg>
<arg>about:blank</arg>
<arg>${Browser_Name}</arg>
<doc>Opens a new browser instance to the optional ``url``.</doc>
<status status="PASS" start="2025-11-09T10:54:57.067191" elapsed="2.113921"/>
</kw>
<kw name="Maximize Browser Window" owner="SeleniumLibrary">
<doc>Maximizes current browser window.</doc>
<status status="PASS" start="2025-11-09T10:54:59.181577" elapsed="0.086949"/>
</kw>
<status status="PASS" start="2025-11-09T10:54:57.065841" elapsed="2.202916"/>
</kw>
<test id="s1-s1-t1" name="Main Test" line="14">
<kw name="Ouvrir_google" owner="PageAcceuil">
<kw name="Go To" owner="SeleniumLibrary">
<msg time="2025-11-09T10:54:59.275599" level="INFO">Opening url 'https://www.google.com/'</msg>
<msg time="2025-11-09T10:57:06.923921" level="INFO" html="true">&lt;/td&gt;&lt;/tr&gt;&lt;tr&gt;&lt;td colspan="3"&gt;&lt;a href="selenium-screenshot-8.png"&gt;&lt;img src="selenium-screenshot-8.png" width="800px"&gt;&lt;/a&gt;</msg>
<msg time="2025-11-09T10:57:06.924236" level="FAIL">ReadTimeoutError: HTTPConnectionPool(host='localhost', port=52909): Read timed out. (read timeout=120)</msg>
<arg>${URL_Navigate}</arg>
<doc>Navigates the current browser window to the provided ``url``.</doc>
<status status="FAIL" start="2025-11-09T10:54:59.275380" elapsed="127.662826">ReadTimeoutError: HTTPConnectionPool(host='localhost', port=52909): Read timed out. (read timeout=120)</status>
</kw>
<kw name="Wait Until Page Contains" owner="SeleniumLibrary">
<arg>Google</arg>
<doc>Waits until ``text`` appears on the current page.</doc>
<status status="NOT RUN" start="2025-11-09T10:57:06.938584" elapsed="0.000066"/>
</kw>
<status status="FAIL" start="2025-11-09T10:54:59.274924" elapsed="127.664013">ReadTimeoutError: HTTPConnectionPool(host='localhost', port=52909): Read timed out. (read timeout=120)</status>
</kw>
<kw name="Charger_la_page_Amazon" owner="PageAcceuil">
<status status="NOT RUN" start="2025-11-09T10:57:06.939556" elapsed="0.000057"/>
</kw>
<status status="FAIL" start="2025-11-09T10:54:59.268907" elapsed="127.671111">ReadTimeoutError: HTTPConnectionPool(host='localhost', port=52909): Read timed out. (read timeout=120)</status>
</test>
<kw name="Fermeture_du_navigateur" owner="commandes" type="TEARDOWN">
<kw name="Close Browser" owner="SeleniumLibrary">
<doc>Closes the current browser.</doc>
<status status="PASS" start="2025-11-09T10:57:06.941993" elapsed="3.916629"/>
</kw>
<status status="PASS" start="2025-11-09T10:57:06.941665" elapsed="3.917110"/>
</kw>
<doc>Simple example using SeleniumLibrary.</doc>
<status status="FAIL" start="2025-11-09T10:54:56.587039" elapsed="134.271797"/>
</suite>
<status status="FAIL" start="2025-11-09T10:54:56.537371" elapsed="134.322494"/>
</suite>
<statistics>
<total>
<stat pass="0" fail="1" skip="0">All Tests</stat>
</total>
<tag>
</tag>
<suite>
<stat name="Tests" id="s1" pass="0" fail="1" skip="0">Tests</stat>
<stat name="Main" id="s1-s1" pass="0" fail="1" skip="0">Tests.Main</stat>
</suite>
</statistics>
<errors>
</errors>
</robot>
